# JRE version: Java(TM) SE Runtime Environment (8.0_161-b12) (build 1.8.0_161-b12)
# Java VM: Java HotSpot(TM) 64-Bit Server VM (25.161-b12 mixed mode bsd-amd64 compressed oops)
Heap:
 PSYoungGen      total 155136K, used 85150K [0x000000076ab00000, 0x0000000778f00000, 0x00000007c0000000)
  eden space 139264K, 49% used [0x000000076ab00000,0x000000076eeab4c0,0x0000000773300000)
  from space 15872K, 99% used [0x0000000773300000,0x000000077427c340,0x0000000774280000)
  to   space 21504K, 0% used [0x0000000777a00000,0x0000000777a00000,0x0000000778f00000)
 ParOldGen       total 109568K, used 16208K [0x00000006c0000000, 0x00000006c6b00000, 0x000000076ab00000)
  object space 109568K, 14% used [0x00000006c0000000,0x00000006c0fd41f8,0x00000006c6b00000)
 Metaspace       used 24976K, capacity 25324K, committed 25600K, reserved 1071104K
  class space    used 2946K, capacity 3068K, committed 3072K, reserved 1048576K
GC Heap History (10 events):
Event: 1.903 GC heap before
{Heap before GC invocations=4 (full 1):
 PSYoungGen      total 76288K, used 10750K [0x000000076ab00000, 0x0000000774000000, 0x00000007c0000000)
  eden space 65536K, 0% used [0x000000076ab00000,0x000000076ab00000,0x000000076eb00000)
  from space 10752K, 99% used [0x000000076eb00000,0x000000076f57fb98,0x000000076f580000)
  to   space 10752K, 0% used [0x0000000773580000,0x0000000773580000,0x0000000774000000)
 ParOldGen       total 175104K, used 3789K [0x00000006c0000000, 0x00000006cab00000, 0x000000076ab00000)
  object space 175104K, 2% used [0x00000006c0000000,0x00000006c03b37f0,0x00000006cab00000)
 Metaspace       used 20696K, capacity 21032K, committed 21296K, reserved 1069056K
  class space    used 2502K, capacity 2598K, committed 2688K, reserved 1048576K
Event: 1.932 GC heap after
Heap after GC invocations=4 (full 1):
 PSYoungGen      total 76288K, used 0K [0x000000076ab00000, 0x0000000774000000, 0x00000007c0000000)
  eden space 65536K, 0% used [0x000000076ab00000,0x000000076ab00000,0x000000076eb00000)
  from space 10752K, 0% used [0x000000076eb00000,0x000000076eb00000,0x000000076f580000)
  to   space 10752K, 0% used [0x0000000773580000,0x0000000773580000,0x0000000774000000)
 ParOldGen       total 109568K, used 10914K [0x00000006c0000000, 0x00000006c6b00000, 0x000000076ab00000)
  object space 109568K, 9% used [0x00000006c0000000,0x00000006c0aa8940,0x00000006c6b00000)
 Metaspace       used 20696K, capacity 21032K, committed 21296K, reserved 1069056K
  class space    used 2502K, capacity 2598K, committed 2688K, reserved 1048576K
}
Event: 17.773 GC heap before
{Heap before GC invocations=5 (full 1):
 PSYoungGen      total 76288K, used 65536K [0x000000076ab00000, 0x0000000774000000, 0x00000007c0000000)
  eden space 65536K, 100% used [0x000000076ab00000,0x000000076eb00000,0x000000076eb00000)
  from space 10752K, 0% used [0x000000076eb00000,0x000000076eb00000,0x000000076f580000)
  to   space 10752K, 0% used [0x0000000773580000,0x0000000773580000,0x0000000774000000)
 ParOldGen       total 109568K, used 10914K [0x00000006c0000000, 0x00000006c6b00000, 0x000000076ab00000)
  object space 109568K, 9% used [0x00000006c0000000,0x00000006c0aa8940,0x00000006c6b00000)
 Metaspace       used 23473K, capacity 23778K, committed 24192K, reserved 1071104K
  class space    used 2794K, capacity 2895K, committed 2944K, reserved 1048576K
Event: 17.779 GC heap after
Heap after GC invocations=5 (full 1):
 PSYoungGen      total 101888K, used 3937K [0x000000076ab00000, 0x0000000773980000, 0x00000007c0000000)
  eden space 97792K, 0% used [0x000000076ab00000,0x000000076ab00000,0x0000000770a80000)
  from space 4096K, 96% used [0x0000000773580000,0x0000000773958690,0x0000000773980000)
  to   space 10752K, 0% used [0x0000000772480000,0x0000000772480000,0x0000000772f00000)
 ParOldGen       total 109568K, used 10922K [0x00000006c0000000, 0x00000006c6b00000, 0x000000076ab00000)
  object space 109568K, 9% used [0x00000006c0000000,0x00000006c0aaa940,0x00000006c6b00000)
 Metaspace       used 23473K, capacity 23778K, committed 24192K, reserved 1071104K
  class space    used 2794K, capacity 2895K, committed 2944K, reserved 1048576K
}
Event: 34.057 GC heap before
{Heap before GC invocations=6 (full 1):
 PSYoungGen      total 101888K, used 101729K [0x000000076ab00000, 0x0000000773980000, 0x00000007c0000000)
  eden space 97792K, 100% used [0x000000076ab00000,0x0000000770a80000,0x0000000770a80000)
  from space 4096K, 96% used [0x0000000773580000,0x0000000773958690,0x0000000773980000)
  to   space 10752K, 0% used [0x0000000772480000,0x0000000772480000,0x0000000772f00000)
 ParOldGen       total 109568K, used 10922K [0x00000006c0000000, 0x00000006c6b00000, 0x000000076ab00000)
  object space 109568K, 9% used [0x00000006c0000000,0x00000006c0aaa940,0x00000006c6b00000)
 Metaspace       used 23477K, capacity 23778K, committed 24192K, reserved 1071104K
  class space    used 2794K, capacity 2895K, committed 2944K, reserved 1048576K
Event: 34.066 GC heap after
Heap after GC invocations=6 (full 1):
 PSYoungGen      total 135168K, used 3680K [0x000000076ab00000, 0x0000000775280000, 0x00000007c0000000)
  eden space 124416K, 0% used [0x000000076ab00000,0x000000076ab00000,0x0000000772480000)
  from space 10752K, 34% used [0x0000000772480000,0x0000000772818378,0x0000000772f00000)
  to   space 16384K, 0% used [0x0000000774280000,0x0000000774280000,0x0000000775280000)
 ParOldGen       total 109568K, used 10930K [0x00000006c0000000, 0x00000006c6b00000, 0x000000076ab00000)
  object space 109568K, 9% used [0x00000006c0000000,0x00000006c0aac940,0x00000006c6b00000)
 Metaspace       used 23477K, capacity 23778K, committed 24192K, reserved 1071104K
  class space    used 2794K, capacity 2895K, committed 2944K, reserved 1048576K
}
Event: 36.735 GC heap before
{Heap before GC invocations=7 (full 1):
 PSYoungGen      total 135168K, used 128096K [0x000000076ab00000, 0x0000000775280000, 0x00000007c0000000)
  eden space 124416K, 100% used [0x000000076ab00000,0x0000000772480000,0x0000000772480000)
  from space 10752K, 34% used [0x0000000772480000,0x0000000772818378,0x0000000772f00000)
  to   space 16384K, 0% used [0x0000000774280000,0x0000000774280000,0x0000000775280000)
 ParOldGen       total 109568K, used 10930K [0x00000006c0000000, 0x00000006c6b00000, 0x000000076ab00000)
  object space 109568K, 9% used [0x00000006c0000000,0x00000006c0aac940,0x00000006c6b00000)
 Metaspace       used 23517K, capacity 23842K, committed 24192K, reserved 1071104K
  class space    used 2798K, capacity 2895K, committed 2944K, reserved 1048576K
Event: 36.739 GC heap after
Heap after GC invocations=7 (full 1):
 PSYoungGen      total 155648K, used 4569K [0x000000076ab00000, 0x0000000776f80000, 0x00000007c0000000)
  eden space 139264K, 0% used [0x000000076ab00000,0x000000076ab00000,0x0000000773300000)
  from space 16384K, 27% used [0x0000000774280000,0x00000007746f64a8,0x0000000775280000)
  to   space 15872K, 0% used [0x0000000773300000,0x0000000773300000,0x0000000774280000)
 ParOldGen       total 109568K, used 10938K [0x00000006c0000000, 0x00000006c6b00000, 0x000000076ab00000)
  object space 109568K, 9% used [0x00000006c0000000,0x00000006c0aae940,0x00000006c6b00000)
 Metaspace       used 23517K, capacity 23842K, committed 24192K, reserved 1071104K
  class space    used 2798K, capacity 2895K, committed 2944K, reserved 1048576K
}
Event: 38.055 GC heap before
{Heap before GC invocations=8 (full 1):
 PSYoungGen      total 155648K, used 143833K [0x000000076ab00000, 0x0000000776f80000, 0x00000007c0000000)
  eden space 139264K, 100% used [0x000000076ab00000,0x0000000773300000,0x0000000773300000)
  from space 16384K, 27% used [0x0000000774280000,0x00000007746f64a8,0x0000000775280000)
  to   space 15872K, 0% used [0x0000000773300000,0x0000000773300000,0x0000000774280000)
 ParOldGen       total 109568K, used 10938K [0x00000006c0000000, 0x00000006c6b00000, 0x000000076ab00000)
  object space 109568K, 9% used [0x00000006c0000000,0x00000006c0aae940,0x00000006c6b00000)
 Metaspace       used 24705K, capacity 25098K, committed 25344K, reserved 1071104K
  class space    used 2926K, capacity 3035K, committed 3072K, reserved 1048576K
Event: 38.068 GC heap after
Heap after GC invocations=8 (full 1):
 PSYoungGen      total 155136K, used 15856K [0x000000076ab00000, 0x0000000778f00000, 0x00000007c0000000)
  eden space 139264K, 0% used [0x000000076ab00000,0x000000076ab00000,0x0000000773300000)
  from space 15872K, 99% used [0x0000000773300000,0x000000077427c340,0x0000000774280000)
  to   space 21504K, 0% used [0x0000000777a00000,0x0000000777a00000,0x0000000778f00000)
 ParOldGen       total 109568K, used 16208K [0x00000006c0000000, 0x00000006c6b00000, 0x000000076ab00000)
  object space 109568K, 14% used [0x00000006c0000000,0x00000006c0fd41f8,0x00000006c6b00000)
 Metaspace       used 24705K, capacity 25098K, committed 25344K, reserved 1071104K
  class space    used 2926K, capacity 3035K, committed 3072K, reserved 1048576K
}

